<?xml version="1.0" encoding="UTF-8"?><testsuite errors="0" failures="0" name="Testing a different request on store" skipped="4" tests="4" time="0.01" timestamp="2023-01-11T04:39:48.850+10:00[Australia/Brisbane]"><testcase name="As a user I want to create store"><skipped/></testcase><testcase name="As a user I want to get created product with productId"><skipped/></testcase><testcase name="As a user I want to update the product with productId"><skipped/></testcase><testcase name="As a user I want to delete the product"><skipped/></testcase></testsuite>