<?xml version="1.0" encoding="UTF-8"?><testsuite errors="0" failures="11" name="com.bestbuy.bestinfo.ProductsDataDrivenTest" skipped="0" tests="20" time="140.12" timestamp="2023-01-11T04:39:41.844+10:00[Australia/Brisbane]"><testcase classname="com.bestbuy.bestinfo.ProductsDataDrivenTest" name="Creating multiple products with Data driven"><failure message="1 expectation failed.&#10;Expected status code &lt;201&gt; but was &lt;400&gt;.&#10;" type="java.lang.AssertionError">1 expectation failed.
Expected status code &lt;201&gt; but was &lt;400&gt;.
</failure><system-err>1 expectation failed.
Expected status code &lt;201&gt; but was &lt;400&gt;.
&#13;
io.restassured.internal.ResponseSpecificationImpl.validateResponseIfRequired(ResponseSpecificationImpl.groovy:636)&#13;
io.restassured.internal.ResponseSpecificationImpl.statusCode(ResponseSpecificationImpl.groovy:122)&#13;
io.restassured.internal.ResponseSpecificationImpl.statusCode(ResponseSpecificationImpl.groovy:130)&#13;
io.restassured.internal.ValidatableResponseOptionsImpl.statusCode(ValidatableResponseOptionsImpl.java:117)&#13;
com.bestbuy.bestinfo.ProductsDataDrivenTest.createMultipleProduct(ProductsDataDrivenTest.java:39)&#13;
</system-err></testcase></testsuite>