<?xml version="1.0" encoding="UTF-8"?><testsuite errors="0" failures="0" name="com.bestbuy.bestinfo.StoresTagsTest" skipped="0" tests="3" time="0.37" timestamp="2023-01-11T04:39:44.915+10:00[Australia/Brisbane]"><testcase classname="com.bestbuy.bestinfo.StoresTagsTest" name="Provide a 500 status code when incorrect HTTP method is used to access resources"/><testcase classname="com.bestbuy.bestinfo.StoresTagsTest" name="This test will verify if a status code of 200 is returned for GET request"/><testcase classname="com.bestbuy.bestinfo.StoresTagsTest" name="This test will provide an error code of 404 when user tries to access an invalid resource"/></testsuite>