<?xml version="1.0" encoding="UTF-8"?><testsuite errors="0" failures="0" name="com.bestbuy.bestinfo.ProductsCRUDTestWithSteps" skipped="0" tests="6" time="12.47" timestamp="2023-01-11T04:39:32.308+10:00[Australia/Brisbane]"><testcase classname="com.bestbuy.bestinfo.ProductsCRUDTestWithSteps" name="Update Product name by ID"/><testcase classname="com.bestbuy.bestinfo.ProductsCRUDTestWithSteps" name="This will create new product"/><testcase classname="com.bestbuy.bestinfo.ProductsCRUDTestWithSteps" name="Getting the product information with id:"/><testcase classname="com.bestbuy.bestinfo.ProductsCRUDTestWithSteps" name="Updating product information and verify the updated information"/><testcase classname="com.bestbuy.bestinfo.ProductsCRUDTestWithSteps" name="Deleting product with id and verify that user is deleted"/><testcase classname="com.bestbuy.bestinfo.ProductsCRUDTestWithSteps" name="Delete Product name by ID"/></testsuite>