<?xml version="1.0" encoding="UTF-8"?><testsuite errors="0" failures="0" name="com.bestbuy.bestinfo.StoresCRUDTestWithSteps" skipped="0" tests="4" time="1.7" timestamp="2023-01-11T04:39:43.140+10:00[Australia/Brisbane]"><testcase classname="com.bestbuy.bestinfo.StoresCRUDTestWithSteps" name="This will create new  store"/><testcase classname="com.bestbuy.bestinfo.StoresCRUDTestWithSteps" name="Getting the store information with Name:"/><testcase classname="com.bestbuy.bestinfo.StoresCRUDTestWithSteps" name="Updating store information and verify the updated information"/><testcase classname="com.bestbuy.bestinfo.StoresCRUDTestWithSteps" name="Deleting store with id and verify that user is deleted"/></testsuite>